<?xml version="1.0" encoding="UTF-8"?>
<testng-results ignored="0" total="1" passed="1" failed="0" skipped="0">
  <reporter-output>
    <line>
      <![CDATA[Login Successfull]]>
    </line>
  </reporter-output>
  <suite started-at="2024-08-30T22:05:50 IST" name="Default suite" finished-at="2024-08-30T22:06:04 IST" duration-ms="13482">
    <groups>
    </groups>
    <test started-at="2024-08-30T22:05:50 IST" name="Default test" finished-at="2024-08-30T22:06:04 IST" duration-ms="13482">
      <class name="car.TestScript">
        <test-method is-config="true" signature="openBrowser()[pri:0, instance:car.TestScript@783a467b]" started-at="2024-08-30T22:05:50 IST" name="openBrowser" finished-at="2024-08-30T22:05:54 IST" duration-ms="3706" status="PASS">
          <reporter-output>
          </reporter-output>
        </test-method> <!-- openBrowser -->
        <test-method is-config="true" signature="login()[pri:0, instance:car.TestScript@783a467b]" started-at="2024-08-30T22:05:54 IST" name="login" finished-at="2024-08-30T22:06:03 IST" duration-ms="8613" status="PASS">
          <reporter-output>
          </reporter-output>
        </test-method> <!-- login -->
        <test-method signature="test()[pri:0, instance:car.TestScript@783a467b]" started-at="2024-08-30T22:06:03 IST" name="test" finished-at="2024-08-30T22:06:03 IST" duration-ms="4" status="PASS">
          <reporter-output>
            <line>
              <![CDATA[Login Successfull]]>
            </line>
          </reporter-output>
        </test-method> <!-- test -->
        <test-method is-config="true" signature="logout()[pri:0, instance:car.TestScript@783a467b]" started-at="2024-08-30T22:06:03 IST" name="logout" finished-at="2024-08-30T22:06:04 IST" duration-ms="1028" status="PASS">
          <reporter-output>
          </reporter-output>
        </test-method> <!-- logout -->
        <test-method is-config="true" signature="closeBrowser()[pri:0, instance:car.TestScript@783a467b]" started-at="2024-08-30T22:06:04 IST" name="closeBrowser" finished-at="2024-08-30T22:06:04 IST" duration-ms="111" status="PASS">
          <reporter-output>
          </reporter-output>
        </test-method> <!-- closeBrowser -->
      </class> <!-- car.TestScript -->
    </test> <!-- Default test -->
  </suite> <!-- Default suite -->
</testng-results>
